h:\code\shige\newproject\ctp_自动化交易\ctp\x64\release\ctp.pch
h:\code\shige\newproject\ctp_自动化交易\ctp\x64\release\vc142.pdb
h:\code\shige\newproject\ctp_自动化交易\ctp\x64\release\stdafx.obj
h:\code\shige\newproject\ctp_自动化交易\ctp\x64\release\login.obj
h:\code\shige\newproject\ctp_自动化交易\ctp\x64\release\mdspi.obj
h:\code\shige\newproject\ctp_自动化交易\ctp\x64\release\pair_trading_process.obj
h:\code\shige\newproject\ctp_自动化交易\ctp\x64\release\edit_position.obj
h:\code\shige\newproject\ctp_自动化交易\ctp\x64\release\pair_trading_setting.obj
h:\code\shige\newproject\ctp_自动化交易\ctp\x64\release\auto_trading_process.obj
h:\code\shige\newproject\ctp_自动化交易\ctp\x64\release\tdspi.obj
h:\code\shige\newproject\ctp_自动化交易\ctp\x64\release\auto_process.obj
h:\code\shige\newproject\ctp_自动化交易\ctp\x64\release\main.obj
h:\code\shige\newproject\ctp_自动化交易\ctp\x64\release\data_process.obj
h:\code\shige\newproject\ctp_自动化交易\ctp\x64\release\windows_manage.obj
h:\code\shige\newproject\ctp_自动化交易\ctp\x64\release\ctp.obj
h:\code\shige\newproject\ctp_自动化交易\ctp\x64\release\ctp_beep.obj
h:\code\shige\newproject\ctp_自动化交易\ctp\x64\release\my_debug.obj
h:\code\shige\newproject\ctp_自动化交易\ctp\x64\release\pair_trading.obj
h:\code\shige\newproject\ctp_自动化交易\ctp\x64\release\instrument_process.obj
h:\code\shige\newproject\ctp_自动化交易\ctp\x64\release\qrc_ctp.obj
h:\code\shige\newproject\ctp_自动化交易\ctp\x64\release\moc_pair_trading.obj
h:\code\shige\newproject\ctp_自动化交易\ctp\x64\release\qrc_login.obj
h:\code\shige\newproject\ctp_自动化交易\ctp\x64\release\moc_pair_trading_process.obj
h:\code\shige\newproject\ctp_自动化交易\ctp\x64\release\moc_my_debug.obj
h:\code\shige\newproject\ctp_自动化交易\ctp\x64\release\moc_data_process.obj
h:\code\shige\newproject\ctp_自动化交易\ctp\x64\release\moc_ctp.obj
h:\code\shige\newproject\ctp_自动化交易\ctp\x64\release\moc_pair_trading_setting.obj
h:\code\shige\newproject\ctp_自动化交易\ctp\x64\release\moc_windows_manage.obj
h:\code\shige\newproject\ctp_自动化交易\ctp\x64\release\moc_tdspi.obj
h:\code\shige\newproject\ctp_自动化交易\ctp\x64\release\moc_auto_process.obj
h:\code\shige\newproject\ctp_自动化交易\ctp\x64\release\moc_instrument_process.obj
h:\code\shige\newproject\ctp_自动化交易\ctp\x64\release\moc_login.obj
h:\code\shige\newproject\ctp_自动化交易\ctp\x64\release\moc_mdspi.obj
h:\code\shige\newproject\ctp_自动化交易\ctp\x64\release\moc_auto_trading_process.obj
h:\code\shige\newproject\ctp_自动化交易\ctp\x64\release\uic\ui_auto_process.h
h:\code\shige\newproject\ctp_自动化交易\ctp\x64\release\uic\ui_ctp.h
h:\code\shige\newproject\ctp_自动化交易\ctp\x64\release\uic\ui_edit_position.h
h:\code\shige\newproject\ctp_自动化交易\ctp\x64\release\uic\ui_login.h
h:\code\shige\newproject\ctp_自动化交易\ctp\x64\release\uic\ui_pair_trading.h
h:\code\shige\newproject\ctp_自动化交易\ctp\x64\release\uic\ui_pair_trading_setting.h
h:\code\shige\newproject\ctp_自动化交易\ctp\x64\release\rcc\qrc_ctp.cpp
h:\code\shige\newproject\ctp_自动化交易\ctp\x64\release\rcc\qrc_login.cpp
h:\code\shige\newproject\ctp_自动化交易\ctp\x64\release\moc\moc_ctp.cpp
h:\code\shige\newproject\ctp_自动化交易\ctp\x64\release\moc\moc_mdspi.cpp
h:\code\shige\newproject\ctp_自动化交易\ctp\x64\release\moc\moc_tdspi.cpp
h:\code\shige\newproject\ctp_自动化交易\ctp\x64\release\moc\moc_my_debug.cpp
h:\code\shige\newproject\ctp_自动化交易\ctp\x64\release\moc\moc_windows_manage.cpp
h:\code\shige\newproject\ctp_自动化交易\ctp\x64\release\moc\moc_instrument_process.cpp
h:\code\shige\newproject\ctp_自动化交易\ctp\x64\release\moc\moc_pair_trading.cpp
h:\code\shige\newproject\ctp_自动化交易\ctp\x64\release\moc\moc_pair_trading_process.cpp
h:\code\shige\newproject\ctp_自动化交易\ctp\x64\release\moc\moc_data_process.cpp
h:\code\shige\newproject\ctp_自动化交易\ctp\x64\release\moc\moc_auto_trading_process.cpp
h:\code\shige\newproject\ctp_自动化交易\ctp\x64\release\moc\moc_auto_process.cpp
h:\code\shige\newproject\ctp_自动化交易\ctp\x64\release\moc\moc_pair_trading_setting.cpp
h:\code\shige\newproject\ctp_自动化交易\ctp\x64\release\moc\moc_login.cpp
h:\code\shige\newproject\ctp_自动化交易\x64\release\ctp.ilk
h:\code\shige\newproject\ctp_自动化交易\x64\release\ctp.exe
h:\code\shige\newproject\ctp_自动化交易\x64\release\ctp.pdb
h:\code\shige\newproject\ctp_自动化交易\ctp\x64\release\ctp.res
h:\code\shige\newproject\ctp_自动化交易\ctp\x64\release\ctp.tlog\cl.command.1.tlog
h:\code\shige\newproject\ctp_自动化交易\ctp\x64\release\ctp.tlog\cl.read.1.tlog
h:\code\shige\newproject\ctp_自动化交易\ctp\x64\release\ctp.tlog\cl.write.1.tlog
h:\code\shige\newproject\ctp_自动化交易\ctp\x64\release\ctp.tlog\ctp.write.1u.tlog
h:\code\shige\newproject\ctp_自动化交易\ctp\x64\release\ctp.tlog\link.command.1.tlog
h:\code\shige\newproject\ctp_自动化交易\ctp\x64\release\ctp.tlog\link.read.1.tlog
h:\code\shige\newproject\ctp_自动化交易\ctp\x64\release\ctp.tlog\link.write.1.tlog
h:\code\shige\newproject\ctp_自动化交易\ctp\x64\release\ctp.tlog\moc.read.1u.tlog
h:\code\shige\newproject\ctp_自动化交易\ctp\x64\release\ctp.tlog\moc.write.1u.tlog
h:\code\shige\newproject\ctp_自动化交易\ctp\x64\release\ctp.tlog\rc.command.1.tlog
h:\code\shige\newproject\ctp_自动化交易\ctp\x64\release\ctp.tlog\rc.read.1.tlog
h:\code\shige\newproject\ctp_自动化交易\ctp\x64\release\ctp.tlog\rc.write.1.tlog
h:\code\shige\newproject\ctp_自动化交易\ctp\x64\release\ctp.tlog\rcc.read.1u.tlog
h:\code\shige\newproject\ctp_自动化交易\ctp\x64\release\ctp.tlog\rcc.write.1u.tlog
h:\code\shige\newproject\ctp_自动化交易\ctp\x64\release\ctp.tlog\uic.read.1u.tlog
h:\code\shige\newproject\ctp_自动化交易\ctp\x64\release\ctp.tlog\uic.write.1u.tlog
