  Reading Qt configuration (H:/Qt/5.12.5/msvc2017_64/bin/qmake)
  uic ui\auto_process.ui
  uic ui\ctp.ui
  uic ui\edit_position.ui
  uic ui\login.ui
  uic ui\pair_trading.ui
  uic ui\pair_trading_setting.ui
  rcc ui\ctp.qrc
  rcc ui\login.qrc
  moc inc\ctp.h
  moc inc\Mdspi.h
   H:\code\shige\newproject\ctp_自动化交易\ctp\ui\edit_position.ui: Warning: The name 'layoutWidget' (QWidget) is already in use, defaulting to 'layoutWidget1'.
   H:\code\shige\newproject\ctp_自动化交易\ctp\ui\edit_position.ui: Warning: The name 'layoutWidget' (QWidget) is already in use, defaulting to 'layoutWidget2'.
  moc inc\tdspi.h
   H:\code\shige\newproject\ctp_自动化交易\ctp\ui\login.ui: Warning: The name 'layoutWidget' (QWidget) is already in use, defaulting to 'layoutWidget1'.
  moc inc\my_debug.h
  moc inc\windows_manage.h
  moc inc\instrument_process.h
  moc inc\pair_trading.h
  moc inc\pair_trading_process.h
  moc inc\data_process.h
  moc inc\auto_trading_process.h
  moc inc\auto_process.h
  moc inc\pair_trading_setting.h
  moc inc\login.h
  stdafx.cpp
  auto_process.cpp
  auto_trading_process.cpp
  ctp.cpp
  ctp_beep.cpp
  data_process.cpp
  edit_position.cpp
  instrument_process.cpp
  login.cpp
  main.cpp
  Mdspi.cpp
  my_debug.cpp
  pair_trading.cpp
  pair_trading_process.cpp
  pair_trading_setting.cpp
  tdspi.cpp
  windows_manage.cpp
  qrc_ctp.cpp
  qrc_login.cpp
  moc_ctp.cpp
  moc_Mdspi.cpp
  moc_tdspi.cpp
  moc_my_debug.cpp
  moc_windows_manage.cpp
  moc_instrument_process.cpp
  moc_pair_trading.cpp
  moc_pair_trading_process.cpp
  moc_data_process.cpp
  moc_auto_trading_process.cpp
  moc_auto_process.cpp
  moc_pair_trading_setting.cpp
  moc_login.cpp
qtmain.lib(qtmain_win.obj) : warning LNK4099: 未找到 PDB“qtmain.pdb”(使用“qtmain.lib(qtmain_win.obj)”或在“H:\code\shige\newproject\ctp_自动化交易\x64\Release\qtmain.pdb”中寻找)；正在链接对象，如同没有调试信息一样
  ctp.vcxproj -> H:\code\shige\newproject\ctp_自动化交易\x64\Release\ctp.exe
