h:\code\shige\newproject\ctp_自动化交易\ctp\x64\debug\ctp.pch
h:\code\shige\newproject\ctp_自动化交易\ctp\x64\debug\vc142.pdb
h:\code\shige\newproject\ctp_自动化交易\ctp\x64\debug\stdafx.obj
h:\code\shige\newproject\ctp_自动化交易\ctp\x64\debug\ctp.obj
h:\code\shige\newproject\ctp_自动化交易\ctp\x64\debug\instrument_process.obj
h:\code\shige\newproject\ctp_自动化交易\ctp\x64\debug\edit_position.obj
h:\code\shige\newproject\ctp_自动化交易\ctp\x64\debug\pair_trading_setting.obj
h:\code\shige\newproject\ctp_自动化交易\ctp\x64\debug\data_process.obj
h:\code\shige\newproject\ctp_自动化交易\ctp\x64\debug\tdspi.obj
h:\code\shige\newproject\ctp_自动化交易\ctp\x64\debug\auto_trading_process.obj
h:\code\shige\newproject\ctp_自动化交易\ctp\x64\debug\windows_manage.obj
h:\code\shige\newproject\ctp_自动化交易\ctp\x64\debug\ctp_beep.obj
h:\code\shige\newproject\ctp_自动化交易\ctp\x64\debug\my_debug.obj
h:\code\shige\newproject\ctp_自动化交易\ctp\x64\debug\pair_trading_process.obj
h:\code\shige\newproject\ctp_自动化交易\ctp\x64\debug\auto_process.obj
h:\code\shige\newproject\ctp_自动化交易\ctp\x64\debug\main.obj
h:\code\shige\newproject\ctp_自动化交易\ctp\x64\debug\login.obj
h:\code\shige\newproject\ctp_自动化交易\ctp\x64\debug\mdspi.obj
h:\code\shige\newproject\ctp_自动化交易\ctp\x64\debug\pair_trading.obj
h:\code\shige\newproject\ctp_自动化交易\ctp\x64\debug\moc_ctp.obj
h:\code\shige\newproject\ctp_自动化交易\ctp\x64\debug\moc_login.obj
h:\code\shige\newproject\ctp_自动化交易\ctp\x64\debug\qrc_ctp.obj
h:\code\shige\newproject\ctp_自动化交易\ctp\x64\debug\moc_pair_trading_process.obj
h:\code\shige\newproject\ctp_自动化交易\ctp\x64\debug\moc_pair_trading_setting.obj
h:\code\shige\newproject\ctp_自动化交易\ctp\x64\debug\moc_instrument_process.obj
h:\code\shige\newproject\ctp_自动化交易\ctp\x64\debug\moc_mdspi.obj
h:\code\shige\newproject\ctp_自动化交易\ctp\x64\debug\moc_auto_trading_process.obj
h:\code\shige\newproject\ctp_自动化交易\ctp\x64\debug\moc_my_debug.obj
h:\code\shige\newproject\ctp_自动化交易\ctp\x64\debug\moc_auto_process.obj
h:\code\shige\newproject\ctp_自动化交易\ctp\x64\debug\qrc_login.obj
h:\code\shige\newproject\ctp_自动化交易\ctp\x64\debug\moc_pair_trading.obj
h:\code\shige\newproject\ctp_自动化交易\ctp\x64\debug\moc_tdspi.obj
h:\code\shige\newproject\ctp_自动化交易\ctp\x64\debug\moc_windows_manage.obj
h:\code\shige\newproject\ctp_自动化交易\ctp\x64\debug\moc_data_process.obj
h:\code\shige\newproject\ctp_自动化交易\ctp\x64\debug\uic\ui_auto_process.h
h:\code\shige\newproject\ctp_自动化交易\ctp\x64\debug\uic\ui_ctp.h
h:\code\shige\newproject\ctp_自动化交易\ctp\x64\debug\uic\ui_edit_position.h
h:\code\shige\newproject\ctp_自动化交易\ctp\x64\debug\uic\ui_login.h
h:\code\shige\newproject\ctp_自动化交易\ctp\x64\debug\uic\ui_pair_trading.h
h:\code\shige\newproject\ctp_自动化交易\ctp\x64\debug\uic\ui_pair_trading_setting.h
h:\code\shige\newproject\ctp_自动化交易\ctp\x64\debug\rcc\qrc_ctp.cpp
h:\code\shige\newproject\ctp_自动化交易\ctp\x64\debug\rcc\qrc_login.cpp
h:\code\shige\newproject\ctp_自动化交易\ctp\x64\debug\moc\moc_ctp.cpp
h:\code\shige\newproject\ctp_自动化交易\ctp\x64\debug\moc\moc_mdspi.cpp
h:\code\shige\newproject\ctp_自动化交易\ctp\x64\debug\moc\moc_tdspi.cpp
h:\code\shige\newproject\ctp_自动化交易\ctp\x64\debug\moc\moc_my_debug.cpp
h:\code\shige\newproject\ctp_自动化交易\ctp\x64\debug\moc\moc_windows_manage.cpp
h:\code\shige\newproject\ctp_自动化交易\ctp\x64\debug\moc\moc_instrument_process.cpp
h:\code\shige\newproject\ctp_自动化交易\ctp\x64\debug\moc\moc_pair_trading.cpp
h:\code\shige\newproject\ctp_自动化交易\ctp\x64\debug\moc\moc_pair_trading_process.cpp
h:\code\shige\newproject\ctp_自动化交易\ctp\x64\debug\moc\moc_data_process.cpp
h:\code\shige\newproject\ctp_自动化交易\ctp\x64\debug\moc\moc_auto_trading_process.cpp
h:\code\shige\newproject\ctp_自动化交易\ctp\x64\debug\moc\moc_auto_process.cpp
h:\code\shige\newproject\ctp_自动化交易\ctp\x64\debug\moc\moc_pair_trading_setting.cpp
h:\code\shige\newproject\ctp_自动化交易\ctp\x64\debug\moc\moc_login.cpp
h:\code\shige\newproject\ctp_自动化交易\x64\debug\ctp.ilk
h:\code\shige\newproject\ctp_自动化交易\x64\debug\ctp.exe
h:\code\shige\newproject\ctp_自动化交易\x64\debug\ctp.pdb
h:\code\shige\newproject\ctp_自动化交易\ctp\x64\debug\ctp.res
h:\code\shige\newproject\ctp_自动化交易\ctp\x64\debug\ctp.tlog\cl.command.1.tlog
h:\code\shige\newproject\ctp_自动化交易\ctp\x64\debug\ctp.tlog\cl.read.1.tlog
h:\code\shige\newproject\ctp_自动化交易\ctp\x64\debug\ctp.tlog\cl.write.1.tlog
h:\code\shige\newproject\ctp_自动化交易\ctp\x64\debug\ctp.tlog\ctp.write.1u.tlog
h:\code\shige\newproject\ctp_自动化交易\ctp\x64\debug\ctp.tlog\link.command.1.tlog
h:\code\shige\newproject\ctp_自动化交易\ctp\x64\debug\ctp.tlog\link.read.1.tlog
h:\code\shige\newproject\ctp_自动化交易\ctp\x64\debug\ctp.tlog\link.write.1.tlog
h:\code\shige\newproject\ctp_自动化交易\ctp\x64\debug\ctp.tlog\moc.read.1u.tlog
h:\code\shige\newproject\ctp_自动化交易\ctp\x64\debug\ctp.tlog\moc.write.1u.tlog
h:\code\shige\newproject\ctp_自动化交易\ctp\x64\debug\ctp.tlog\rc.command.1.tlog
h:\code\shige\newproject\ctp_自动化交易\ctp\x64\debug\ctp.tlog\rc.read.1.tlog
h:\code\shige\newproject\ctp_自动化交易\ctp\x64\debug\ctp.tlog\rc.write.1.tlog
h:\code\shige\newproject\ctp_自动化交易\ctp\x64\debug\ctp.tlog\rcc.read.1u.tlog
h:\code\shige\newproject\ctp_自动化交易\ctp\x64\debug\ctp.tlog\rcc.write.1u.tlog
h:\code\shige\newproject\ctp_自动化交易\ctp\x64\debug\ctp.tlog\uic.read.1u.tlog
h:\code\shige\newproject\ctp_自动化交易\ctp\x64\debug\ctp.tlog\uic.write.1u.tlog
